2025-07-23 15:56:16 UTC | DEBUG    | parallel_pipeline | Logger 'parallel_pipeline' initialized with rotating file handler (max_size=10.0MB, backup_count=5, timezone=UTC)
2025-07-23 15:56:38 UTC | INFO     | parallel_pipeline | Starting database insertion for scripts\books.py with status Failed
2025-07-23 15:56:38 UTC | INFO     | parallel_pipeline | Successfully inserted status into status table with status_id: 103
2025-07-23 15:56:38 UTC | DEBUG    | parallel_pipeline | Inserting log entry for scripts\books.py: SELENIUM LOG - Traceback (most recent call last):
  File "D:\hassan\SBP Work\Digital CPI\Work\Scraping\Final Soluti...
2025-07-23 15:56:38 UTC | DEBUG    | parallel_pipeline | Successfully inserted log entry into scraping_logs table
2025-07-23 15:56:38 UTC | DEBUG    | parallel_pipeline | Inserting log entry for scripts\books.py: SELENIUM LOG - selenium.common.exceptions.WebDriverException: Message: unknown error: net::ERR_NAME_NOT_RESOLVED...
2025-07-23 15:56:38 UTC | DEBUG    | parallel_pipeline | Successfully inserted log entry into scraping_logs table
2025-07-23 15:56:38 UTC | DEBUG    | parallel_pipeline | Inserting log entry for scripts\books.py: SELENIUM LOG -   (Session info: chrome=135.0.7049.97)...
2025-07-23 15:56:38 UTC | DEBUG    | parallel_pipeline | Successfully inserted log entry into scraping_logs table
2025-07-23 15:56:38 UTC | DEBUG    | parallel_pipeline | Inserting log entry for scripts\books.py: SELENIUM LOG - Stacktrace:
	GetHandleVerifier [0x00007FF662235305+78597]
	GetHandleVerifier [0x00007FF662235360+786...
2025-07-23 15:56:38 UTC | DEBUG    | parallel_pipeline | Successfully inserted log entry into scraping_logs table
2025-07-23 15:56:38 UTC | DEBUG    | parallel_pipeline | Inserting log entry for scripts\books.py: ERROR - Error - books.py exited with code 1, marking as final failure (no retry)....
2025-07-23 15:56:38 UTC | DEBUG    | parallel_pipeline | Successfully inserted log entry into scraping_logs table
2025-07-23 15:56:38 UTC | INFO     | parallel_pipeline | Completed database operations for scripts\books.py
2025-07-23 15:57:12 UTC | INFO     | parallel_pipeline | Starting database insertion for scripts\foodpanda.py with status Failed
2025-07-23 15:57:12 UTC | INFO     | parallel_pipeline | Successfully inserted status into status table with status_id: 104
2025-07-23 15:57:12 UTC | DEBUG    | parallel_pipeline | Inserting log entry for scripts\foodpanda.py: SELENIUM LOG - Traceback (most recent call last):
  File "D:\hassan\SBP Work\Digital CPI\Work\Scraping\Final Soluti...
2025-07-23 15:57:12 UTC | DEBUG    | parallel_pipeline | Successfully inserted log entry into scraping_logs table
2025-07-23 15:57:12 UTC | DEBUG    | parallel_pipeline | Inserting log entry for scripts\foodpanda.py: SELENIUM LOG - selenium.common.exceptions.TimeoutException: Message: ...
2025-07-23 15:57:13 UTC | DEBUG    | parallel_pipeline | Successfully inserted log entry into scraping_logs table
2025-07-23 15:57:13 UTC | DEBUG    | parallel_pipeline | Inserting log entry for scripts\foodpanda.py: SELENIUM LOG - Stacktrace:
	GetHandleVerifier [0x00007FF662235305+78597]
	GetHandleVerifier [0x00007FF662235360+786...
2025-07-23 15:57:13 UTC | DEBUG    | parallel_pipeline | Successfully inserted log entry into scraping_logs table
2025-07-23 15:57:13 UTC | DEBUG    | parallel_pipeline | Inserting log entry for scripts\foodpanda.py: ERROR - Transient failure detected while processing scripts\foodpanda.py: RuntimeError('Transient subprocess...
2025-07-23 15:57:13 UTC | DEBUG    | parallel_pipeline | Successfully inserted log entry into scraping_logs table
2025-07-23 15:57:13 UTC | INFO     | parallel_pipeline | Completed database operations for scripts\foodpanda.py
2025-07-23 15:58:27 UTC | INFO     | parallel_pipeline | Starting database insertion for scripts\foodpanda.py with status Failed
2025-07-23 15:58:27 UTC | INFO     | parallel_pipeline | Successfully inserted status into status table with status_id: 104
2025-07-23 15:58:27 UTC | DEBUG    | parallel_pipeline | Inserting log entry for scripts\foodpanda.py: SELENIUM LOG - Traceback (most recent call last):
  File "D:\hassan\SBP Work\Digital CPI\Work\Scraping\Final Soluti...
2025-07-23 15:58:27 UTC | DEBUG    | parallel_pipeline | Successfully inserted log entry into scraping_logs table
2025-07-23 15:58:27 UTC | DEBUG    | parallel_pipeline | Inserting log entry for scripts\foodpanda.py: SELENIUM LOG - selenium.common.exceptions.TimeoutException: Message: ...
2025-07-23 15:58:27 UTC | DEBUG    | parallel_pipeline | Successfully inserted log entry into scraping_logs table
2025-07-23 15:58:27 UTC | DEBUG    | parallel_pipeline | Inserting log entry for scripts\foodpanda.py: SELENIUM LOG - Stacktrace:
	GetHandleVerifier [0x00007FF662235305+78597]
	GetHandleVerifier [0x00007FF662235360+786...
2025-07-23 15:58:27 UTC | DEBUG    | parallel_pipeline | Successfully inserted log entry into scraping_logs table
2025-07-23 15:58:27 UTC | DEBUG    | parallel_pipeline | Inserting log entry for scripts\foodpanda.py: ERROR - Transient failure detected while processing scripts\foodpanda.py: RuntimeError('Transient subprocess...
2025-07-23 15:58:27 UTC | DEBUG    | parallel_pipeline | Successfully inserted log entry into scraping_logs table
2025-07-23 15:58:27 UTC | INFO     | parallel_pipeline | Completed database operations for scripts\foodpanda.py
2025-07-23 16:00:14 UTC | INFO     | parallel_pipeline | Starting database insertion for scripts\foodpanda.py with status Failed
2025-07-23 16:00:14 UTC | INFO     | parallel_pipeline | Successfully inserted status into status table with status_id: 104
2025-07-23 16:00:14 UTC | DEBUG    | parallel_pipeline | Inserting log entry for scripts\foodpanda.py: SELENIUM LOG - Traceback (most recent call last):
  File "D:\hassan\SBP Work\Digital CPI\Work\Scraping\Final Soluti...
2025-07-23 16:00:14 UTC | DEBUG    | parallel_pipeline | Successfully inserted log entry into scraping_logs table
2025-07-23 16:00:14 UTC | DEBUG    | parallel_pipeline | Inserting log entry for scripts\foodpanda.py: SELENIUM LOG - selenium.common.exceptions.TimeoutException: Message: ...
2025-07-23 16:00:14 UTC | DEBUG    | parallel_pipeline | Successfully inserted log entry into scraping_logs table
2025-07-23 16:00:14 UTC | DEBUG    | parallel_pipeline | Inserting log entry for scripts\foodpanda.py: SELENIUM LOG - Stacktrace:
	GetHandleVerifier [0x00007FF662235305+78597]
	GetHandleVerifier [0x00007FF662235360+786...
2025-07-23 16:00:14 UTC | DEBUG    | parallel_pipeline | Successfully inserted log entry into scraping_logs table
2025-07-23 16:00:14 UTC | DEBUG    | parallel_pipeline | Inserting log entry for scripts\foodpanda.py: ERROR - Error - Maximum retries exhausted....
2025-07-23 16:00:14 UTC | DEBUG    | parallel_pipeline | Successfully inserted log entry into scraping_logs table
2025-07-23 16:00:14 UTC | INFO     | parallel_pipeline | Completed database operations for scripts\foodpanda.py
2025-07-23 16:14:10 UTC | DEBUG    | parallel_pipeline | Reading output file from path: data\2025-07-23\sastaticket.csv
2025-07-23 16:14:11 UTC | INFO     | parallel_pipeline | Total rows scraped: 0, Upper bound for file: 120, Lower bound for file: 80
2025-07-23 16:14:11 UTC | DEBUG    | parallel_pipeline | Deleting following output file for Failed task: data\2025-07-23\sastaticket.csv
2025-07-23 16:14:12 UTC | INFO     | parallel_pipeline | Starting database insertion for scripts\sastaticket.py with status Failed
2025-07-23 16:14:12 UTC | INFO     | parallel_pipeline | Successfully inserted status into status table with status_id: 105
2025-07-23 16:14:12 UTC | DEBUG    | parallel_pipeline | Inserting log entry for scripts\sastaticket.py: OUTPUT - No data for flights from KHI to ISB on 2025-07-28 00:00:00...
2025-07-23 16:14:12 UTC | DEBUG    | parallel_pipeline | Successfully inserted log entry into scraping_logs table
2025-07-23 16:14:12 UTC | DEBUG    | parallel_pipeline | Inserting log entry for scripts\sastaticket.py: OUTPUT - No data for flights from KHI to LHE on 2025-08-06 00:00:00...
2025-07-23 16:14:12 UTC | DEBUG    | parallel_pipeline | Successfully inserted log entry into scraping_logs table
2025-07-23 16:14:12 UTC | DEBUG    | parallel_pipeline | Inserting log entry for scripts\sastaticket.py: OUTPUT - No data for flights from KHI to LHE on 2025-07-28 00:00:00...
2025-07-23 16:14:12 UTC | DEBUG    | parallel_pipeline | Successfully inserted log entry into scraping_logs table
2025-07-23 16:14:12 UTC | DEBUG    | parallel_pipeline | Inserting log entry for scripts\sastaticket.py: OUTPUT - No data for flights from LHE to KHI on 2025-07-28 00:00:00...
2025-07-23 16:14:12 UTC | DEBUG    | parallel_pipeline | Successfully inserted log entry into scraping_logs table
2025-07-23 16:14:12 UTC | DEBUG    | parallel_pipeline | Inserting log entry for scripts\sastaticket.py: OUTPUT - No data for flights from LHE to KHI on 2025-08-01 00:00:00...
2025-07-23 16:14:12 UTC | DEBUG    | parallel_pipeline | Successfully inserted log entry into scraping_logs table
2025-07-23 16:14:12 UTC | DEBUG    | parallel_pipeline | Inserting log entry for scripts\sastaticket.py: OUTPUT - No data for flights from LHE to KHI on 2025-08-06 00:00:00...
2025-07-23 16:14:12 UTC | DEBUG    | parallel_pipeline | Successfully inserted log entry into scraping_logs table
2025-07-23 16:14:12 UTC | DEBUG    | parallel_pipeline | Inserting log entry for scripts\sastaticket.py: OUTPUT - No data for flights from ISB to KHI on 2025-07-28 00:00:00...
2025-07-23 16:14:12 UTC | DEBUG    | parallel_pipeline | Successfully inserted log entry into scraping_logs table
2025-07-23 16:14:12 UTC | DEBUG    | parallel_pipeline | Inserting log entry for scripts\sastaticket.py: OUTPUT - No data for flights from ISB to KHI on 2025-08-01 00:00:00...
2025-07-23 16:14:12 UTC | DEBUG    | parallel_pipeline | Successfully inserted log entry into scraping_logs table
2025-07-23 16:14:12 UTC | DEBUG    | parallel_pipeline | Inserting log entry for scripts\sastaticket.py: OUTPUT - No data for flights from ISB to KHI on 2025-08-06 00:00:00...
2025-07-23 16:14:12 UTC | DEBUG    | parallel_pipeline | Successfully inserted log entry into scraping_logs table
2025-07-23 16:14:12 UTC | DEBUG    | parallel_pipeline | Inserting log entry for scripts\sastaticket.py: OUTPUT - No data for flights from KHI to ISB on 2025-07-29 00:00:00...
2025-07-23 16:14:12 UTC | DEBUG    | parallel_pipeline | Successfully inserted log entry into scraping_logs table
2025-07-23 16:14:12 UTC | DEBUG    | parallel_pipeline | Inserting log entry for scripts\sastaticket.py: OUTPUT - No data for flights from KHI to ISB on 2025-08-02 00:00:00...
2025-07-23 16:14:12 UTC | DEBUG    | parallel_pipeline | Successfully inserted log entry into scraping_logs table
2025-07-23 16:14:12 UTC | DEBUG    | parallel_pipeline | Inserting log entry for scripts\sastaticket.py: OUTPUT - No data for flights from KHI to ISB on 2025-08-07 00:00:00...
2025-07-23 16:14:12 UTC | DEBUG    | parallel_pipeline | Successfully inserted log entry into scraping_logs table
2025-07-23 16:14:12 UTC | DEBUG    | parallel_pipeline | Inserting log entry for scripts\sastaticket.py: OUTPUT - No data for flights from KHI to LHE on 2025-07-29 00:00:00...
2025-07-23 16:14:12 UTC | DEBUG    | parallel_pipeline | Successfully inserted log entry into scraping_logs table
2025-07-23 16:14:12 UTC | DEBUG    | parallel_pipeline | Inserting log entry for scripts\sastaticket.py: OUTPUT - No data for flights from KHI to LHE on 2025-08-02 00:00:00...
2025-07-23 16:14:12 UTC | DEBUG    | parallel_pipeline | Successfully inserted log entry into scraping_logs table
2025-07-23 16:14:12 UTC | DEBUG    | parallel_pipeline | Inserting log entry for scripts\sastaticket.py: OUTPUT - No data for flights from KHI to LHE on 2025-08-07 00:00:00...
2025-07-23 16:14:12 UTC | DEBUG    | parallel_pipeline | Successfully inserted log entry into scraping_logs table
2025-07-23 16:14:12 UTC | DEBUG    | parallel_pipeline | Inserting log entry for scripts\sastaticket.py: OUTPUT - No data for flights from LHE to KHI on 2025-07-29 00:00:00...
2025-07-23 16:14:12 UTC | DEBUG    | parallel_pipeline | Successfully inserted log entry into scraping_logs table
2025-07-23 16:14:12 UTC | DEBUG    | parallel_pipeline | Inserting log entry for scripts\sastaticket.py: OUTPUT - No data for flights from LHE to KHI on 2025-08-02 00:00:00...
2025-07-23 16:14:12 UTC | DEBUG    | parallel_pipeline | Successfully inserted log entry into scraping_logs table
2025-07-23 16:14:12 UTC | DEBUG    | parallel_pipeline | Inserting log entry for scripts\sastaticket.py: OUTPUT - No data for flights from LHE to KHI on 2025-08-07 00:00:00...
2025-07-23 16:14:12 UTC | DEBUG    | parallel_pipeline | Successfully inserted log entry into scraping_logs table
2025-07-23 16:14:12 UTC | DEBUG    | parallel_pipeline | Inserting log entry for scripts\sastaticket.py: OUTPUT - No data for flights from ISB to KHI on 2025-07-29 00:00:00...
2025-07-23 16:14:12 UTC | DEBUG    | parallel_pipeline | Successfully inserted log entry into scraping_logs table
2025-07-23 16:14:12 UTC | DEBUG    | parallel_pipeline | Inserting log entry for scripts\sastaticket.py: OUTPUT - No data for flights from ISB to KHI on 2025-08-02 00:00:00...
2025-07-23 16:14:12 UTC | DEBUG    | parallel_pipeline | Successfully inserted log entry into scraping_logs table
2025-07-23 16:14:12 UTC | DEBUG    | parallel_pipeline | Inserting log entry for scripts\sastaticket.py: OUTPUT - No data for flights from ISB to KHI on 2025-08-07 00:00:00...
2025-07-23 16:14:12 UTC | DEBUG    | parallel_pipeline | Successfully inserted log entry into scraping_logs table
2025-07-23 16:14:12 UTC | DEBUG    | parallel_pipeline | Inserting log entry for scripts\sastaticket.py: OUTPUT - No data for flights from KHI to ISB on 2025-08-03 00:00:00...
2025-07-23 16:14:12 UTC | DEBUG    | parallel_pipeline | Successfully inserted log entry into scraping_logs table
2025-07-23 16:14:12 UTC | DEBUG    | parallel_pipeline | Inserting log entry for scripts\sastaticket.py: OUTPUT - No data for flights from KHI to ISB on 2025-07-30 00:00:00...
2025-07-23 16:14:12 UTC | DEBUG    | parallel_pipeline | Successfully inserted log entry into scraping_logs table
2025-07-23 16:14:12 UTC | DEBUG    | parallel_pipeline | Inserting log entry for scripts\sastaticket.py: OUTPUT - No data for flights from KHI to LHE on 2025-08-03 00:00:00...
2025-07-23 16:14:13 UTC | DEBUG    | parallel_pipeline | Successfully inserted log entry into scraping_logs table
2025-07-23 16:14:13 UTC | DEBUG    | parallel_pipeline | Inserting log entry for scripts\sastaticket.py: OUTPUT - No data for flights from KHI to LHE on 2025-07-30 00:00:00...
2025-07-23 16:14:13 UTC | DEBUG    | parallel_pipeline | Successfully inserted log entry into scraping_logs table
2025-07-23 16:14:13 UTC | DEBUG    | parallel_pipeline | Inserting log entry for scripts\sastaticket.py: OUTPUT - No data for flights from KHI to ISB on 2025-08-08 00:00:00...
2025-07-23 16:14:13 UTC | DEBUG    | parallel_pipeline | Successfully inserted log entry into scraping_logs table
2025-07-23 16:14:13 UTC | DEBUG    | parallel_pipeline | Inserting log entry for scripts\sastaticket.py: OUTPUT - No data for flights from LHE to KHI on 2025-08-03 00:00:00...
2025-07-23 16:14:13 UTC | DEBUG    | parallel_pipeline | Successfully inserted log entry into scraping_logs table
2025-07-23 16:14:13 UTC | DEBUG    | parallel_pipeline | Inserting log entry for scripts\sastaticket.py: OUTPUT - No data for flights from LHE to KHI on 2025-07-30 00:00:00...
2025-07-23 16:14:13 UTC | DEBUG    | parallel_pipeline | Successfully inserted log entry into scraping_logs table
2025-07-23 16:14:13 UTC | DEBUG    | parallel_pipeline | Inserting log entry for scripts\sastaticket.py: OUTPUT - No data for flights from KHI to LHE on 2025-08-08 00:00:00...
2025-07-23 16:14:13 UTC | DEBUG    | parallel_pipeline | Successfully inserted log entry into scraping_logs table
2025-07-23 16:14:13 UTC | DEBUG    | parallel_pipeline | Inserting log entry for scripts\sastaticket.py: OUTPUT - No data for flights from ISB to KHI on 2025-08-03 00:00:00...
2025-07-23 16:14:13 UTC | DEBUG    | parallel_pipeline | Successfully inserted log entry into scraping_logs table
2025-07-23 16:14:13 UTC | DEBUG    | parallel_pipeline | Inserting log entry for scripts\sastaticket.py: OUTPUT - No data for flights from ISB to KHI on 2025-07-30 00:00:00...
2025-07-23 16:14:13 UTC | DEBUG    | parallel_pipeline | Successfully inserted log entry into scraping_logs table
2025-07-23 16:14:13 UTC | DEBUG    | parallel_pipeline | Inserting log entry for scripts\sastaticket.py: OUTPUT - No data for flights from LHE to KHI on 2025-08-08 00:00:00...
2025-07-23 16:14:13 UTC | DEBUG    | parallel_pipeline | Successfully inserted log entry into scraping_logs table
2025-07-23 16:14:13 UTC | DEBUG    | parallel_pipeline | Inserting log entry for scripts\sastaticket.py: OUTPUT - No data for flights from KHI to ISB on 2025-07-31 00:00:00...
2025-07-23 16:14:13 UTC | DEBUG    | parallel_pipeline | Successfully inserted log entry into scraping_logs table
2025-07-23 16:14:13 UTC | DEBUG    | parallel_pipeline | Inserting log entry for scripts\sastaticket.py: OUTPUT - No data for flights from KHI to ISB on 2025-08-04 00:00:00...
2025-07-23 16:14:13 UTC | DEBUG    | parallel_pipeline | Successfully inserted log entry into scraping_logs table
2025-07-23 16:14:13 UTC | DEBUG    | parallel_pipeline | Inserting log entry for scripts\sastaticket.py: OUTPUT - No data for flights from ISB to KHI on 2025-08-08 00:00:00...
2025-07-23 16:14:13 UTC | DEBUG    | parallel_pipeline | Successfully inserted log entry into scraping_logs table
2025-07-23 16:14:13 UTC | DEBUG    | parallel_pipeline | Inserting log entry for scripts\sastaticket.py: OUTPUT - No data for flights from KHI to LHE on 2025-07-31 00:00:00...
2025-07-23 16:14:13 UTC | DEBUG    | parallel_pipeline | Successfully inserted log entry into scraping_logs table
2025-07-23 16:14:13 UTC | DEBUG    | parallel_pipeline | Inserting log entry for scripts\sastaticket.py: OUTPUT - No data for flights from KHI to LHE on 2025-08-04 00:00:00...
2025-07-23 16:14:13 UTC | DEBUG    | parallel_pipeline | Successfully inserted log entry into scraping_logs table
2025-07-23 16:14:13 UTC | DEBUG    | parallel_pipeline | Inserting log entry for scripts\sastaticket.py: OUTPUT - No data for flights from KHI to ISB on 2025-08-09 00:00:00...
2025-07-23 16:14:13 UTC | DEBUG    | parallel_pipeline | Successfully inserted log entry into scraping_logs table
2025-07-23 16:14:13 UTC | DEBUG    | parallel_pipeline | Inserting log entry for scripts\sastaticket.py: OUTPUT - No data for flights from LHE to KHI on 2025-07-31 00:00:00...
2025-07-23 16:14:13 UTC | DEBUG    | parallel_pipeline | Successfully inserted log entry into scraping_logs table
2025-07-23 16:14:13 UTC | DEBUG    | parallel_pipeline | Inserting log entry for scripts\sastaticket.py: OUTPUT - No data for flights from LHE to KHI on 2025-08-04 00:00:00...
2025-07-23 16:14:13 UTC | DEBUG    | parallel_pipeline | Successfully inserted log entry into scraping_logs table
2025-07-23 16:14:13 UTC | DEBUG    | parallel_pipeline | Inserting log entry for scripts\sastaticket.py: OUTPUT - No data for flights from KHI to LHE on 2025-08-09 00:00:00...
2025-07-23 16:14:13 UTC | DEBUG    | parallel_pipeline | Successfully inserted log entry into scraping_logs table
2025-07-23 16:14:13 UTC | DEBUG    | parallel_pipeline | Inserting log entry for scripts\sastaticket.py: OUTPUT - No data for flights from ISB to KHI on 2025-08-04 00:00:00...
2025-07-23 16:14:13 UTC | DEBUG    | parallel_pipeline | Successfully inserted log entry into scraping_logs table
2025-07-23 16:14:13 UTC | DEBUG    | parallel_pipeline | Inserting log entry for scripts\sastaticket.py: OUTPUT - No data for flights from ISB to KHI on 2025-07-31 00:00:00...
2025-07-23 16:14:13 UTC | DEBUG    | parallel_pipeline | Successfully inserted log entry into scraping_logs table
2025-07-23 16:14:13 UTC | DEBUG    | parallel_pipeline | Inserting log entry for scripts\sastaticket.py: OUTPUT - No data for flights from LHE to KHI on 2025-08-09 00:00:00...
2025-07-23 16:14:13 UTC | DEBUG    | parallel_pipeline | Successfully inserted log entry into scraping_logs table
2025-07-23 16:14:13 UTC | DEBUG    | parallel_pipeline | Inserting log entry for scripts\sastaticket.py: OUTPUT - No data for flights from KHI to ISB on 2025-08-05 00:00:00...
2025-07-23 16:14:13 UTC | DEBUG    | parallel_pipeline | Successfully inserted log entry into scraping_logs table
2025-07-23 16:14:13 UTC | DEBUG    | parallel_pipeline | Inserting log entry for scripts\sastaticket.py: OUTPUT - No data for flights from KHI to ISB on 2025-08-01 00:00:00...
2025-07-23 16:14:13 UTC | DEBUG    | parallel_pipeline | Successfully inserted log entry into scraping_logs table
2025-07-23 16:14:13 UTC | DEBUG    | parallel_pipeline | Inserting log entry for scripts\sastaticket.py: OUTPUT - No data for flights from ISB to KHI on 2025-08-09 00:00:00...
2025-07-23 16:14:13 UTC | DEBUG    | parallel_pipeline | Successfully inserted log entry into scraping_logs table
2025-07-23 16:14:13 UTC | DEBUG    | parallel_pipeline | Inserting log entry for scripts\sastaticket.py: OUTPUT - No data for flights from KHI to LHE on 2025-08-05 00:00:00...
2025-07-23 16:14:13 UTC | DEBUG    | parallel_pipeline | Successfully inserted log entry into scraping_logs table
2025-07-23 16:14:13 UTC | DEBUG    | parallel_pipeline | Inserting log entry for scripts\sastaticket.py: OUTPUT - No data for flights from KHI to LHE on 2025-08-01 00:00:00...
2025-07-23 16:14:13 UTC | DEBUG    | parallel_pipeline | Successfully inserted log entry into scraping_logs table
2025-07-23 16:14:13 UTC | DEBUG    | parallel_pipeline | Inserting log entry for scripts\sastaticket.py: OUTPUT - No data for flights from KHI to ISB on 2025-08-10 00:00:00...
2025-07-23 16:14:13 UTC | DEBUG    | parallel_pipeline | Successfully inserted log entry into scraping_logs table
2025-07-23 16:14:13 UTC | DEBUG    | parallel_pipeline | Inserting log entry for scripts\sastaticket.py: OUTPUT - No data for flights from LHE to KHI on 2025-08-05 00:00:00...
2025-07-23 16:14:13 UTC | DEBUG    | parallel_pipeline | Successfully inserted log entry into scraping_logs table
2025-07-23 16:14:13 UTC | DEBUG    | parallel_pipeline | Inserting log entry for scripts\sastaticket.py: OUTPUT - No data for flights from KHI to LHE on 2025-08-10 00:00:00...
2025-07-23 16:14:13 UTC | DEBUG    | parallel_pipeline | Successfully inserted log entry into scraping_logs table
2025-07-23 16:14:13 UTC | DEBUG    | parallel_pipeline | Inserting log entry for scripts\sastaticket.py: OUTPUT - No data for flights from ISB to KHI on 2025-08-05 00:00:00...
2025-07-23 16:14:13 UTC | DEBUG    | parallel_pipeline | Successfully inserted log entry into scraping_logs table
2025-07-23 16:14:13 UTC | DEBUG    | parallel_pipeline | Inserting log entry for scripts\sastaticket.py: OUTPUT - No data for flights from LHE to KHI on 2025-08-10 00:00:00...
2025-07-23 16:14:13 UTC | DEBUG    | parallel_pipeline | Successfully inserted log entry into scraping_logs table
2025-07-23 16:14:13 UTC | DEBUG    | parallel_pipeline | Inserting log entry for scripts\sastaticket.py: OUTPUT - No data for flights from KHI to ISB on 2025-08-06 00:00:00...
2025-07-23 16:14:13 UTC | DEBUG    | parallel_pipeline | Successfully inserted log entry into scraping_logs table
2025-07-23 16:14:13 UTC | DEBUG    | parallel_pipeline | Inserting log entry for scripts\sastaticket.py: OUTPUT - No data for flights from ISB to KHI on 2025-08-10 00:00:00...
2025-07-23 16:14:13 UTC | DEBUG    | parallel_pipeline | Successfully inserted log entry into scraping_logs table
2025-07-23 16:14:13 UTC | DEBUG    | parallel_pipeline | Inserting log entry for scripts\sastaticket.py: OUTPUT - 817.03 seconds...
2025-07-23 16:14:13 UTC | DEBUG    | parallel_pipeline | Successfully inserted log entry into scraping_logs table
2025-07-23 16:14:13 UTC | DEBUG    | parallel_pipeline | Inserting log entry for scripts\sastaticket.py: OUTPUT - Total rows scraped: 0, Lower bound for file: 80, Upper bound for file: 120...
2025-07-23 16:14:13 UTC | DEBUG    | parallel_pipeline | Successfully inserted log entry into scraping_logs table
2025-07-23 16:14:13 UTC | DEBUG    | parallel_pipeline | Inserting log entry for scripts\sastaticket.py: ERROR - Error - sastaticket.py succeeded but marked failed at 2025-07-23 21:14:10 due to failing the thresho...
2025-07-23 16:14:13 UTC | DEBUG    | parallel_pipeline | Successfully inserted log entry into scraping_logs table
2025-07-23 16:14:13 UTC | DEBUG    | parallel_pipeline | Inserting log entry for scripts\sastaticket.py: ERROR - Transient failure detected while processing scripts\sastaticket.py: RuntimeError('Defined scraping t...
2025-07-23 16:14:13 UTC | DEBUG    | parallel_pipeline | Successfully inserted log entry into scraping_logs table
2025-07-23 16:14:13 UTC | INFO     | parallel_pipeline | Completed database operations for scripts\sastaticket.py
2025-07-23 16:15:53 UTC | DEBUG    | parallel_pipeline | Reading output file from path: data\2025-07-23\servis.csv
2025-07-23 16:15:53 UTC | INFO     | parallel_pipeline | Total rows scraped: 763, Upper bound for file: 938, Lower bound for file: 562
2025-07-23 16:15:54 UTC | INFO     | parallel_pipeline | Starting database insertion for scripts\servis.py with status Completed
2025-07-23 16:15:54 UTC | INFO     | parallel_pipeline | Successfully inserted status into status table with status_id: 106
2025-07-23 16:15:54 UTC | DEBUG    | parallel_pipeline | Inserting log entry for scripts\servis.py: OUTPUT - Scraping completed in 1129.924745798111 seconds...
2025-07-23 16:15:54 UTC | DEBUG    | parallel_pipeline | Successfully inserted log entry into scraping_logs table
2025-07-23 16:15:54 UTC | DEBUG    | parallel_pipeline | Inserting log entry for scripts\servis.py: OUTPUT - 1129.92 seconds...
2025-07-23 16:15:54 UTC | DEBUG    | parallel_pipeline | Successfully inserted log entry into scraping_logs table
2025-07-23 16:15:54 UTC | DEBUG    | parallel_pipeline | Inserting log entry for scripts\servis.py: OUTPUT - Total rows scraped: 763, Lower bound for file: 562, Upper bound for file: 938...
2025-07-23 16:15:54 UTC | DEBUG    | parallel_pipeline | Successfully inserted log entry into scraping_logs table
2025-07-23 16:15:54 UTC | DEBUG    | parallel_pipeline | Inserting log entry for scripts\servis.py: OUTPUT - servis.py succeeded at 2025-07-23 21:15:53...
2025-07-23 16:15:54 UTC | DEBUG    | parallel_pipeline | Successfully inserted log entry into scraping_logs table
2025-07-23 16:15:54 UTC | INFO     | parallel_pipeline | Completed database operations for scripts\servis.py
2025-07-23 16:17:22 UTC | INFO     | parallel_pipeline | Starting database insertion for scripts\vegetables&fruits.py with status Failed
2025-07-23 16:17:23 UTC | INFO     | parallel_pipeline | Successfully inserted status into status table with status_id: 107
2025-07-23 16:17:23 UTC | DEBUG    | parallel_pipeline | Inserting log entry for scripts\vegetables&fruits.py: OUTPUT - No products found....
2025-07-23 16:17:23 UTC | DEBUG    | parallel_pipeline | Successfully inserted log entry into scraping_logs table
2025-07-23 16:17:23 UTC | DEBUG    | parallel_pipeline | Inserting log entry for scripts\vegetables&fruits.py: OUTPUT - No data scraped....
2025-07-23 16:17:23 UTC | DEBUG    | parallel_pipeline | Successfully inserted log entry into scraping_logs table
2025-07-23 16:17:23 UTC | DEBUG    | parallel_pipeline | Inserting log entry for scripts\vegetables&fruits.py: OUTPUT - Time taken: 73.94 seconds...
2025-07-23 16:17:23 UTC | DEBUG    | parallel_pipeline | Successfully inserted log entry into scraping_logs table
2025-07-23 16:17:23 UTC | DEBUG    | parallel_pipeline | Inserting log entry for scripts\vegetables&fruits.py: ERROR - Exception detected while processing scripts\vegetables&fruits.py: FileNotFoundError('No CSV file fou...
2025-07-23 16:17:23 UTC | DEBUG    | parallel_pipeline | Successfully inserted log entry into scraping_logs table
2025-07-23 16:17:23 UTC | INFO     | parallel_pipeline | Completed database operations for scripts\vegetables&fruits.py
2025-07-23 16:29:22 UTC | DEBUG    | parallel_pipeline | Reading output file from path: data\2025-07-23\sastaticket.csv
2025-07-23 16:29:23 UTC | INFO     | parallel_pipeline | Total rows scraped: 0, Upper bound for file: 120, Lower bound for file: 80
2025-07-23 16:29:23 UTC | DEBUG    | parallel_pipeline | Deleting following output file for Failed task: data\2025-07-23\sastaticket.csv
2025-07-23 16:29:24 UTC | INFO     | parallel_pipeline | Starting database insertion for scripts\sastaticket.py with status Failed
2025-07-23 16:29:24 UTC | INFO     | parallel_pipeline | Successfully inserted status into status table with status_id: 105
2025-07-23 16:29:24 UTC | DEBUG    | parallel_pipeline | Inserting log entry for scripts\sastaticket.py: OUTPUT - No data for flights from KHI to LHE on 2025-08-06 00:00:00...
2025-07-23 16:29:24 UTC | DEBUG    | parallel_pipeline | Successfully inserted log entry into scraping_logs table
2025-07-23 16:29:24 UTC | DEBUG    | parallel_pipeline | Inserting log entry for scripts\sastaticket.py: OUTPUT - No data for flights from LHE to KHI on 2025-08-06 00:00:00...
2025-07-23 16:29:24 UTC | DEBUG    | parallel_pipeline | Successfully inserted log entry into scraping_logs table
2025-07-23 16:29:24 UTC | DEBUG    | parallel_pipeline | Inserting log entry for scripts\sastaticket.py: OUTPUT - No data for flights from ISB to KHI on 2025-08-06 00:00:00...
2025-07-23 16:29:24 UTC | DEBUG    | parallel_pipeline | Successfully inserted log entry into scraping_logs table
2025-07-23 16:29:24 UTC | DEBUG    | parallel_pipeline | Inserting log entry for scripts\sastaticket.py: OUTPUT - No data for flights from LHE to KHI on 2025-08-01 00:00:00...
2025-07-23 16:29:24 UTC | DEBUG    | parallel_pipeline | Successfully inserted log entry into scraping_logs table
2025-07-23 16:29:24 UTC | DEBUG    | parallel_pipeline | Inserting log entry for scripts\sastaticket.py: OUTPUT - No data for flights from KHI to ISB on 2025-07-28 00:00:00...
2025-07-23 16:29:24 UTC | DEBUG    | parallel_pipeline | Successfully inserted log entry into scraping_logs table
2025-07-23 16:29:24 UTC | DEBUG    | parallel_pipeline | Inserting log entry for scripts\sastaticket.py: OUTPUT - No data for flights from KHI to ISB on 2025-08-07 00:00:00...
2025-07-23 16:29:24 UTC | DEBUG    | parallel_pipeline | Successfully inserted log entry into scraping_logs table
2025-07-23 16:29:24 UTC | DEBUG    | parallel_pipeline | Inserting log entry for scripts\sastaticket.py: OUTPUT - No data for flights from ISB to KHI on 2025-08-01 00:00:00...
2025-07-23 16:29:24 UTC | DEBUG    | parallel_pipeline | Successfully inserted log entry into scraping_logs table
2025-07-23 16:29:24 UTC | DEBUG    | parallel_pipeline | Inserting log entry for scripts\sastaticket.py: OUTPUT - No data for flights from KHI to LHE on 2025-07-28 00:00:00...
2025-07-23 16:29:24 UTC | DEBUG    | parallel_pipeline | Successfully inserted log entry into scraping_logs table
2025-07-23 16:29:24 UTC | DEBUG    | parallel_pipeline | Inserting log entry for scripts\sastaticket.py: OUTPUT - No data for flights from KHI to LHE on 2025-08-07 00:00:00...
2025-07-23 16:29:24 UTC | DEBUG    | parallel_pipeline | Successfully inserted log entry into scraping_logs table
2025-07-23 16:29:24 UTC | DEBUG    | parallel_pipeline | Inserting log entry for scripts\sastaticket.py: OUTPUT - No data for flights from KHI to ISB on 2025-08-02 00:00:00...
2025-07-23 16:29:24 UTC | DEBUG    | parallel_pipeline | Successfully inserted log entry into scraping_logs table
2025-07-23 16:29:24 UTC | DEBUG    | parallel_pipeline | Inserting log entry for scripts\sastaticket.py: OUTPUT - No data for flights from LHE to KHI on 2025-07-28 00:00:00...
2025-07-23 16:29:24 UTC | DEBUG    | parallel_pipeline | Successfully inserted log entry into scraping_logs table
2025-07-23 16:29:24 UTC | DEBUG    | parallel_pipeline | Inserting log entry for scripts\sastaticket.py: OUTPUT - No data for flights from LHE to KHI on 2025-08-07 00:00:00...
2025-07-23 16:29:24 UTC | DEBUG    | parallel_pipeline | Successfully inserted log entry into scraping_logs table
2025-07-23 16:29:24 UTC | DEBUG    | parallel_pipeline | Inserting log entry for scripts\sastaticket.py: OUTPUT - No data for flights from KHI to LHE on 2025-08-02 00:00:00...
2025-07-23 16:29:24 UTC | DEBUG    | parallel_pipeline | Successfully inserted log entry into scraping_logs table
2025-07-23 16:29:24 UTC | DEBUG    | parallel_pipeline | Inserting log entry for scripts\sastaticket.py: OUTPUT - No data for flights from ISB to KHI on 2025-07-28 00:00:00...
2025-07-23 16:29:24 UTC | DEBUG    | parallel_pipeline | Successfully inserted log entry into scraping_logs table
2025-07-23 16:29:24 UTC | DEBUG    | parallel_pipeline | Inserting log entry for scripts\sastaticket.py: OUTPUT - No data for flights from ISB to KHI on 2025-08-07 00:00:00...
2025-07-23 16:29:24 UTC | DEBUG    | parallel_pipeline | Successfully inserted log entry into scraping_logs table
2025-07-23 16:29:24 UTC | DEBUG    | parallel_pipeline | Inserting log entry for scripts\sastaticket.py: OUTPUT - No data for flights from LHE to KHI on 2025-08-02 00:00:00...
2025-07-23 16:29:24 UTC | DEBUG    | parallel_pipeline | Successfully inserted log entry into scraping_logs table
2025-07-23 16:29:24 UTC | DEBUG    | parallel_pipeline | Inserting log entry for scripts\sastaticket.py: OUTPUT - No data for flights from KHI to ISB on 2025-07-29 00:00:00...
2025-07-23 16:29:24 UTC | DEBUG    | parallel_pipeline | Successfully inserted log entry into scraping_logs table
2025-07-23 16:29:24 UTC | DEBUG    | parallel_pipeline | Inserting log entry for scripts\sastaticket.py: OUTPUT - No data for flights from KHI to ISB on 2025-08-08 00:00:00...
2025-07-23 16:29:24 UTC | DEBUG    | parallel_pipeline | Successfully inserted log entry into scraping_logs table
2025-07-23 16:29:24 UTC | DEBUG    | parallel_pipeline | Inserting log entry for scripts\sastaticket.py: OUTPUT - No data for flights from KHI to LHE on 2025-07-29 00:00:00...
2025-07-23 16:29:24 UTC | DEBUG    | parallel_pipeline | Successfully inserted log entry into scraping_logs table
2025-07-23 16:29:24 UTC | DEBUG    | parallel_pipeline | Inserting log entry for scripts\sastaticket.py: OUTPUT - No data for flights from ISB to KHI on 2025-08-02 00:00:00...
2025-07-23 16:29:24 UTC | DEBUG    | parallel_pipeline | Successfully inserted log entry into scraping_logs table
2025-07-23 16:29:24 UTC | DEBUG    | parallel_pipeline | Inserting log entry for scripts\sastaticket.py: OUTPUT - No data for flights from KHI to LHE on 2025-08-08 00:00:00...
2025-07-23 16:29:24 UTC | DEBUG    | parallel_pipeline | Successfully inserted log entry into scraping_logs table
2025-07-23 16:29:24 UTC | DEBUG    | parallel_pipeline | Inserting log entry for scripts\sastaticket.py: OUTPUT - No data for flights from LHE to KHI on 2025-07-29 00:00:00...
2025-07-23 16:29:24 UTC | DEBUG    | parallel_pipeline | Successfully inserted log entry into scraping_logs table
2025-07-23 16:29:24 UTC | DEBUG    | parallel_pipeline | Inserting log entry for scripts\sastaticket.py: OUTPUT - No data for flights from KHI to ISB on 2025-08-03 00:00:00...
2025-07-23 16:29:24 UTC | DEBUG    | parallel_pipeline | Successfully inserted log entry into scraping_logs table
2025-07-23 16:29:24 UTC | DEBUG    | parallel_pipeline | Inserting log entry for scripts\sastaticket.py: OUTPUT - No data for flights from LHE to KHI on 2025-08-08 00:00:00...
2025-07-23 16:29:24 UTC | DEBUG    | parallel_pipeline | Successfully inserted log entry into scraping_logs table
2025-07-23 16:29:24 UTC | DEBUG    | parallel_pipeline | Inserting log entry for scripts\sastaticket.py: OUTPUT - No data for flights from KHI to LHE on 2025-08-03 00:00:00...
2025-07-23 16:29:24 UTC | DEBUG    | parallel_pipeline | Successfully inserted log entry into scraping_logs table
2025-07-23 16:29:24 UTC | DEBUG    | parallel_pipeline | Inserting log entry for scripts\sastaticket.py: OUTPUT - No data for flights from ISB to KHI on 2025-07-29 00:00:00...
2025-07-23 16:29:24 UTC | DEBUG    | parallel_pipeline | Successfully inserted log entry into scraping_logs table
2025-07-23 16:29:24 UTC | DEBUG    | parallel_pipeline | Inserting log entry for scripts\sastaticket.py: OUTPUT - No data for flights from ISB to KHI on 2025-08-08 00:00:00...
2025-07-23 16:29:25 UTC | DEBUG    | parallel_pipeline | Successfully inserted log entry into scraping_logs table
2025-07-23 16:29:25 UTC | DEBUG    | parallel_pipeline | Inserting log entry for scripts\sastaticket.py: OUTPUT - No data for flights from KHI to ISB on 2025-07-30 00:00:00...
2025-07-23 16:29:25 UTC | DEBUG    | parallel_pipeline | Successfully inserted log entry into scraping_logs table
2025-07-23 16:29:25 UTC | DEBUG    | parallel_pipeline | Inserting log entry for scripts\sastaticket.py: OUTPUT - No data for flights from LHE to KHI on 2025-08-03 00:00:00...
2025-07-23 16:29:25 UTC | DEBUG    | parallel_pipeline | Successfully inserted log entry into scraping_logs table
2025-07-23 16:29:25 UTC | DEBUG    | parallel_pipeline | Inserting log entry for scripts\sastaticket.py: OUTPUT - No data for flights from KHI to LHE on 2025-07-30 00:00:00...
2025-07-23 16:29:25 UTC | DEBUG    | parallel_pipeline | Successfully inserted log entry into scraping_logs table
2025-07-23 16:29:25 UTC | DEBUG    | parallel_pipeline | Inserting log entry for scripts\sastaticket.py: OUTPUT - No data for flights from KHI to ISB on 2025-08-09 00:00:00...
2025-07-23 16:29:25 UTC | DEBUG    | parallel_pipeline | Successfully inserted log entry into scraping_logs table
2025-07-23 16:29:25 UTC | DEBUG    | parallel_pipeline | Inserting log entry for scripts\sastaticket.py: OUTPUT - No data for flights from ISB to KHI on 2025-08-03 00:00:00...
2025-07-23 16:29:25 UTC | DEBUG    | parallel_pipeline | Successfully inserted log entry into scraping_logs table
2025-07-23 16:29:25 UTC | DEBUG    | parallel_pipeline | Inserting log entry for scripts\sastaticket.py: OUTPUT - No data for flights from LHE to KHI on 2025-07-30 00:00:00...
2025-07-23 16:29:25 UTC | DEBUG    | parallel_pipeline | Successfully inserted log entry into scraping_logs table
2025-07-23 16:29:25 UTC | DEBUG    | parallel_pipeline | Inserting log entry for scripts\sastaticket.py: OUTPUT - No data for flights from KHI to ISB on 2025-08-04 00:00:00...
2025-07-23 16:29:25 UTC | DEBUG    | parallel_pipeline | Successfully inserted log entry into scraping_logs table
2025-07-23 16:29:25 UTC | DEBUG    | parallel_pipeline | Inserting log entry for scripts\sastaticket.py: OUTPUT - No data for flights from KHI to LHE on 2025-08-09 00:00:00...
2025-07-23 16:29:25 UTC | DEBUG    | parallel_pipeline | Successfully inserted log entry into scraping_logs table
2025-07-23 16:29:25 UTC | DEBUG    | parallel_pipeline | Inserting log entry for scripts\sastaticket.py: OUTPUT - No data for flights from ISB to KHI on 2025-07-30 00:00:00...
2025-07-23 16:29:25 UTC | DEBUG    | parallel_pipeline | Successfully inserted log entry into scraping_logs table
2025-07-23 16:29:25 UTC | DEBUG    | parallel_pipeline | Inserting log entry for scripts\sastaticket.py: OUTPUT - No data for flights from KHI to LHE on 2025-08-04 00:00:00...
2025-07-23 16:29:25 UTC | DEBUG    | parallel_pipeline | Successfully inserted log entry into scraping_logs table
2025-07-23 16:29:25 UTC | DEBUG    | parallel_pipeline | Inserting log entry for scripts\sastaticket.py: OUTPUT - No data for flights from LHE to KHI on 2025-08-09 00:00:00...
2025-07-23 16:29:25 UTC | DEBUG    | parallel_pipeline | Successfully inserted log entry into scraping_logs table
2025-07-23 16:29:25 UTC | DEBUG    | parallel_pipeline | Inserting log entry for scripts\sastaticket.py: OUTPUT - No data for flights from KHI to ISB on 2025-07-31 00:00:00...
2025-07-23 16:29:25 UTC | DEBUG    | parallel_pipeline | Successfully inserted log entry into scraping_logs table
2025-07-23 16:29:25 UTC | DEBUG    | parallel_pipeline | Inserting log entry for scripts\sastaticket.py: OUTPUT - No data for flights from LHE to KHI on 2025-08-04 00:00:00...
2025-07-23 16:29:25 UTC | DEBUG    | parallel_pipeline | Successfully inserted log entry into scraping_logs table
2025-07-23 16:29:25 UTC | DEBUG    | parallel_pipeline | Inserting log entry for scripts\sastaticket.py: OUTPUT - No data for flights from ISB to KHI on 2025-08-09 00:00:00...
2025-07-23 16:29:25 UTC | DEBUG    | parallel_pipeline | Successfully inserted log entry into scraping_logs table
2025-07-23 16:29:25 UTC | DEBUG    | parallel_pipeline | Inserting log entry for scripts\sastaticket.py: OUTPUT - No data for flights from KHI to LHE on 2025-07-31 00:00:00...
2025-07-23 16:29:25 UTC | DEBUG    | parallel_pipeline | Successfully inserted log entry into scraping_logs table
2025-07-23 16:29:25 UTC | DEBUG    | parallel_pipeline | Inserting log entry for scripts\sastaticket.py: OUTPUT - No data for flights from ISB to KHI on 2025-08-04 00:00:00...
2025-07-23 16:29:25 UTC | DEBUG    | parallel_pipeline | Successfully inserted log entry into scraping_logs table
2025-07-23 16:29:25 UTC | DEBUG    | parallel_pipeline | Inserting log entry for scripts\sastaticket.py: OUTPUT - No data for flights from KHI to ISB on 2025-08-10 00:00:00...
2025-07-23 16:29:25 UTC | DEBUG    | parallel_pipeline | Successfully inserted log entry into scraping_logs table
2025-07-23 16:29:25 UTC | DEBUG    | parallel_pipeline | Inserting log entry for scripts\sastaticket.py: OUTPUT - No data for flights from LHE to KHI on 2025-07-31 00:00:00...
2025-07-23 16:29:25 UTC | DEBUG    | parallel_pipeline | Successfully inserted log entry into scraping_logs table
2025-07-23 16:29:25 UTC | DEBUG    | parallel_pipeline | Inserting log entry for scripts\sastaticket.py: OUTPUT - No data for flights from KHI to ISB on 2025-08-05 00:00:00...
2025-07-23 16:29:25 UTC | DEBUG    | parallel_pipeline | Successfully inserted log entry into scraping_logs table
2025-07-23 16:29:25 UTC | DEBUG    | parallel_pipeline | Inserting log entry for scripts\sastaticket.py: OUTPUT - No data for flights from KHI to LHE on 2025-08-10 00:00:00...
2025-07-23 16:29:25 UTC | DEBUG    | parallel_pipeline | Successfully inserted log entry into scraping_logs table
2025-07-23 16:29:25 UTC | DEBUG    | parallel_pipeline | Inserting log entry for scripts\sastaticket.py: OUTPUT - No data for flights from ISB to KHI on 2025-07-31 00:00:00...
2025-07-23 16:29:25 UTC | DEBUG    | parallel_pipeline | Successfully inserted log entry into scraping_logs table
2025-07-23 16:29:25 UTC | DEBUG    | parallel_pipeline | Inserting log entry for scripts\sastaticket.py: OUTPUT - No data for flights from KHI to LHE on 2025-08-05 00:00:00...
2025-07-23 16:29:25 UTC | DEBUG    | parallel_pipeline | Successfully inserted log entry into scraping_logs table
2025-07-23 16:29:25 UTC | DEBUG    | parallel_pipeline | Inserting log entry for scripts\sastaticket.py: OUTPUT - No data for flights from LHE to KHI on 2025-08-10 00:00:00...
2025-07-23 16:29:25 UTC | DEBUG    | parallel_pipeline | Successfully inserted log entry into scraping_logs table
2025-07-23 16:29:25 UTC | DEBUG    | parallel_pipeline | Inserting log entry for scripts\sastaticket.py: OUTPUT - No data for flights from KHI to ISB on 2025-08-01 00:00:00...
2025-07-23 16:29:25 UTC | DEBUG    | parallel_pipeline | Successfully inserted log entry into scraping_logs table
2025-07-23 16:29:25 UTC | DEBUG    | parallel_pipeline | Inserting log entry for scripts\sastaticket.py: OUTPUT - No data for flights from LHE to KHI on 2025-08-05 00:00:00...
2025-07-23 16:29:25 UTC | DEBUG    | parallel_pipeline | Successfully inserted log entry into scraping_logs table
2025-07-23 16:29:25 UTC | DEBUG    | parallel_pipeline | Inserting log entry for scripts\sastaticket.py: OUTPUT - No data for flights from ISB to KHI on 2025-08-10 00:00:00...
2025-07-23 16:29:25 UTC | DEBUG    | parallel_pipeline | Successfully inserted log entry into scraping_logs table
2025-07-23 16:29:25 UTC | DEBUG    | parallel_pipeline | Inserting log entry for scripts\sastaticket.py: OUTPUT - No data for flights from KHI to LHE on 2025-08-01 00:00:00...
2025-07-23 16:29:25 UTC | DEBUG    | parallel_pipeline | Successfully inserted log entry into scraping_logs table
2025-07-23 16:29:25 UTC | DEBUG    | parallel_pipeline | Inserting log entry for scripts\sastaticket.py: OUTPUT - No data for flights from ISB to KHI on 2025-08-05 00:00:00...
2025-07-23 16:29:25 UTC | DEBUG    | parallel_pipeline | Successfully inserted log entry into scraping_logs table
2025-07-23 16:29:25 UTC | DEBUG    | parallel_pipeline | Inserting log entry for scripts\sastaticket.py: OUTPUT - No data for flights from KHI to ISB on 2025-08-06 00:00:00...
2025-07-23 16:29:25 UTC | DEBUG    | parallel_pipeline | Successfully inserted log entry into scraping_logs table
2025-07-23 16:29:25 UTC | DEBUG    | parallel_pipeline | Inserting log entry for scripts\sastaticket.py: OUTPUT - 876.31 seconds...
2025-07-23 16:29:25 UTC | DEBUG    | parallel_pipeline | Successfully inserted log entry into scraping_logs table
2025-07-23 16:29:25 UTC | DEBUG    | parallel_pipeline | Inserting log entry for scripts\sastaticket.py: OUTPUT - Total rows scraped: 0, Lower bound for file: 80, Upper bound for file: 120...
2025-07-23 16:29:25 UTC | DEBUG    | parallel_pipeline | Successfully inserted log entry into scraping_logs table
2025-07-23 16:29:25 UTC | DEBUG    | parallel_pipeline | Inserting log entry for scripts\sastaticket.py: ERROR - Error - sastaticket.py succeeded but marked failed at 2025-07-23 21:29:22 due to failing the thresho...
2025-07-23 16:29:25 UTC | DEBUG    | parallel_pipeline | Successfully inserted log entry into scraping_logs table
2025-07-23 16:29:25 UTC | DEBUG    | parallel_pipeline | Inserting log entry for scripts\sastaticket.py: ERROR - Transient failure detected while processing scripts\sastaticket.py: RuntimeError('Defined scraping t...
2025-07-23 16:29:25 UTC | DEBUG    | parallel_pipeline | Successfully inserted log entry into scraping_logs table
2025-07-23 16:29:25 UTC | INFO     | parallel_pipeline | Completed database operations for scripts\sastaticket.py
2025-07-23 16:35:47 UTC | DEBUG    | parallel_pipeline | Reading output file from path: data\2025-07-23\bata.csv
2025-07-23 16:35:47 UTC | INFO     | parallel_pipeline | Total rows scraped: 352, Upper bound for file: 900, Lower bound for file: 700
2025-07-23 16:35:47 UTC | DEBUG    | parallel_pipeline | Deleting following output file for Failed task: data\2025-07-23\bata.csv
2025-07-23 16:35:48 UTC | INFO     | parallel_pipeline | Starting database insertion for scripts\bata.py with status Failed
2025-07-23 16:35:48 UTC | INFO     | parallel_pipeline | Successfully inserted status into status table with status_id: 102
2025-07-23 16:35:48 UTC | DEBUG    | parallel_pipeline | Inserting log entry for scripts\bata.py: ERROR - No close button found or error in clicking it: Message: ...
2025-07-23 16:35:48 UTC | DEBUG    | parallel_pipeline | Successfully inserted log entry into scraping_logs table
2025-07-23 16:35:48 UTC | DEBUG    | parallel_pipeline | Inserting log entry for scripts\bata.py: SELENIUM LOG - Stacktrace:
	GetHandleVerifier [0x00007FF662235305+78597]
	GetHandleVerifier [0x00007FF662235360+786...
2025-07-23 16:35:48 UTC | DEBUG    | parallel_pipeline | Successfully inserted log entry into scraping_logs table
2025-07-23 16:35:48 UTC | DEBUG    | parallel_pipeline | Inserting log entry for scripts\bata.py: ERROR - No close button found or error in clicking it: Message: ...
2025-07-23 16:35:48 UTC | DEBUG    | parallel_pipeline | Successfully inserted log entry into scraping_logs table
2025-07-23 16:35:48 UTC | DEBUG    | parallel_pipeline | Inserting log entry for scripts\bata.py: SELENIUM LOG - Stacktrace:
	GetHandleVerifier [0x00007FF662235305+78597]
	GetHandleVerifier [0x00007FF662235360+786...
2025-07-23 16:35:48 UTC | DEBUG    | parallel_pipeline | Successfully inserted log entry into scraping_logs table
2025-07-23 16:35:48 UTC | DEBUG    | parallel_pipeline | Inserting log entry for scripts\bata.py: ERROR - No close button found or error in clicking it: Message: ...
2025-07-23 16:35:48 UTC | DEBUG    | parallel_pipeline | Successfully inserted log entry into scraping_logs table
2025-07-23 16:35:48 UTC | DEBUG    | parallel_pipeline | Inserting log entry for scripts\bata.py: SELENIUM LOG - Stacktrace:
	GetHandleVerifier [0x00007FF662235305+78597]
	GetHandleVerifier [0x00007FF662235360+786...
2025-07-23 16:35:48 UTC | DEBUG    | parallel_pipeline | Successfully inserted log entry into scraping_logs table
2025-07-23 16:35:48 UTC | DEBUG    | parallel_pipeline | Inserting log entry for scripts\bata.py: OUTPUT - Cannot scrape due to Message: script timeout...
2025-07-23 16:35:48 UTC | DEBUG    | parallel_pipeline | Successfully inserted log entry into scraping_logs table
2025-07-23 16:35:48 UTC | DEBUG    | parallel_pipeline | Inserting log entry for scripts\bata.py: SELENIUM LOG -   (Session info: chrome=135.0.7049.97)...
2025-07-23 16:35:48 UTC | DEBUG    | parallel_pipeline | Successfully inserted log entry into scraping_logs table
2025-07-23 16:35:48 UTC | DEBUG    | parallel_pipeline | Inserting log entry for scripts\bata.py: SELENIUM LOG - Stacktrace:
	GetHandleVerifier [0x00007FF662235305+78597]
	GetHandleVerifier [0x00007FF662235360+786...
2025-07-23 16:35:49 UTC | DEBUG    | parallel_pipeline | Successfully inserted log entry into scraping_logs table
2025-07-23 16:35:49 UTC | DEBUG    | parallel_pipeline | Inserting log entry for scripts\bata.py: ERROR - No close button found or error in clicking it: Message: ...
2025-07-23 16:35:49 UTC | DEBUG    | parallel_pipeline | Successfully inserted log entry into scraping_logs table
2025-07-23 16:35:49 UTC | DEBUG    | parallel_pipeline | Inserting log entry for scripts\bata.py: SELENIUM LOG - Stacktrace:
	GetHandleVerifier [0x00007FF662235305+78597]
	GetHandleVerifier [0x00007FF662235360+786...
2025-07-23 16:35:49 UTC | DEBUG    | parallel_pipeline | Successfully inserted log entry into scraping_logs table
2025-07-23 16:35:49 UTC | DEBUG    | parallel_pipeline | Inserting log entry for scripts\bata.py: OUTPUT - Cannot scrape due to Message: script timeout...
2025-07-23 16:35:49 UTC | DEBUG    | parallel_pipeline | Successfully inserted log entry into scraping_logs table
2025-07-23 16:35:49 UTC | DEBUG    | parallel_pipeline | Inserting log entry for scripts\bata.py: SELENIUM LOG -   (Session info: chrome=135.0.7049.97)...
2025-07-23 16:35:49 UTC | DEBUG    | parallel_pipeline | Successfully inserted log entry into scraping_logs table
2025-07-23 16:35:49 UTC | DEBUG    | parallel_pipeline | Inserting log entry for scripts\bata.py: SELENIUM LOG - Stacktrace:
	GetHandleVerifier [0x00007FF662235305+78597]
	GetHandleVerifier [0x00007FF662235360+786...
2025-07-23 16:35:49 UTC | DEBUG    | parallel_pipeline | Successfully inserted log entry into scraping_logs table
2025-07-23 16:35:49 UTC | DEBUG    | parallel_pipeline | Inserting log entry for scripts\bata.py: ERROR - No close button found or error in clicking it: Message: ...
2025-07-23 16:35:49 UTC | DEBUG    | parallel_pipeline | Successfully inserted log entry into scraping_logs table
2025-07-23 16:35:49 UTC | DEBUG    | parallel_pipeline | Inserting log entry for scripts\bata.py: SELENIUM LOG - Stacktrace:
	GetHandleVerifier [0x00007FF662235305+78597]
	GetHandleVerifier [0x00007FF662235360+786...
2025-07-23 16:35:49 UTC | DEBUG    | parallel_pipeline | Successfully inserted log entry into scraping_logs table
2025-07-23 16:35:49 UTC | DEBUG    | parallel_pipeline | Inserting log entry for scripts\bata.py: ERROR - No close button found or error in clicking it: Message: ...
2025-07-23 16:35:49 UTC | DEBUG    | parallel_pipeline | Successfully inserted log entry into scraping_logs table
2025-07-23 16:35:49 UTC | DEBUG    | parallel_pipeline | Inserting log entry for scripts\bata.py: SELENIUM LOG - Stacktrace:
	GetHandleVerifier [0x00007FF662235305+78597]
	GetHandleVerifier [0x00007FF662235360+786...
2025-07-23 16:35:49 UTC | DEBUG    | parallel_pipeline | Successfully inserted log entry into scraping_logs table
2025-07-23 16:35:49 UTC | DEBUG    | parallel_pipeline | Inserting log entry for scripts\bata.py: OUTPUT - Scraping completed in 1085.8256967067719 seconds...
2025-07-23 16:35:49 UTC | DEBUG    | parallel_pipeline | Successfully inserted log entry into scraping_logs table
2025-07-23 16:35:49 UTC | DEBUG    | parallel_pipeline | Inserting log entry for scripts\bata.py: OUTPUT - 1085.83 seconds...
2025-07-23 16:35:49 UTC | DEBUG    | parallel_pipeline | Successfully inserted log entry into scraping_logs table
2025-07-23 16:35:49 UTC | DEBUG    | parallel_pipeline | Inserting log entry for scripts\bata.py: OUTPUT - Total rows scraped: 352, Lower bound for file: 700, Upper bound for file: 900...
2025-07-23 16:35:49 UTC | DEBUG    | parallel_pipeline | Successfully inserted log entry into scraping_logs table
2025-07-23 16:35:49 UTC | DEBUG    | parallel_pipeline | Inserting log entry for scripts\bata.py: ERROR - Error - bata.py succeeded but marked failed at 2025-07-23 21:35:46 due to failing the threshold of s...
2025-07-23 16:35:49 UTC | DEBUG    | parallel_pipeline | Successfully inserted log entry into scraping_logs table
2025-07-23 16:35:49 UTC | DEBUG    | parallel_pipeline | Inserting log entry for scripts\bata.py: ERROR - Transient failure detected while processing scripts\bata.py: RuntimeError('Defined scraping threshol...
2025-07-23 16:35:49 UTC | DEBUG    | parallel_pipeline | Successfully inserted log entry into scraping_logs table
2025-07-23 16:35:49 UTC | INFO     | parallel_pipeline | Completed database operations for scripts\bata.py
2025-07-23 16:37:56 UTC | INFO     | parallel_pipeline | Starting database insertion for scripts\bata.py with status Failed
2025-07-23 16:37:56 UTC | INFO     | parallel_pipeline | Successfully inserted status into status table with status_id: 102
2025-07-23 16:37:56 UTC | DEBUG    | parallel_pipeline | Inserting log entry for scripts\bata.py: ERROR - Error - bata.py exited with code 3221225786, marking as final failure (no retry)....
2025-07-23 16:37:56 UTC | DEBUG    | parallel_pipeline | Successfully inserted log entry into scraping_logs table
2025-07-23 16:37:56 UTC | INFO     | parallel_pipeline | Completed database operations for scripts\bata.py
